[   0.0000] Initializing cgroup subsys cpuset
[    0.000000] Intilizingcgou subsys pu
[    0.000000] Initializing cgroup subsys cpuacct
[    0.000000] Linux versio 44.0-116-generic (bil@lgw01-md4-021) (gcc version 5.4.0 20160609 (Ubuntu 5.4.0-6ubuntu1~16.04.9) ) #140-Ubuntu SMP Mn Feb 12 21:23:04 UTC 2018 (Ubuntu 4.4.0-116.140-generic 4.4.98)
[    0.000000] Command line: BOOT_IMAGE=/boot/vmlinuz-4.4.0-116-generic root=LABEL=cloudimg-rootfs ro console=tty1 console=ttyS0
[    0.000000] KERNEL supported cpus:
[   000000]   IntelGenuineIntel
[   0.000000]   AMD AuthenticAMD
[    0.000000]   Centar entaurHals
  0.000000] x86/fpu: xstate_offset2]:  576, xstate_sizes[2]: 26
[   0.00000] x86/fpu: Supporting XSAVE ftue 0x01: 'x87 floating point egster
    0.000000] x86/fpu: Supporting XSAVE feature 0x02: 'SSE registers'
[    0.000000] x86/fpu: Supporting XSAVE feature 0x04: 'AVX registers'
[    0.000000] x86/fpu: Enabled xstate features 0x7, context size is 832 bytes, using 'standard' format.
[    0.000000] x86/fpu: Using 'lazy' FPU context switches.
[    0.000000] e820: BIOS-provided physical RAM map:
[    0.000000] BIOS-e820: [mem 0x0000000000000000-0x000000000009fbff] usable
[    0.000000] BIOS-e820: [mem 0x000000000009fc00-0x000000000009ffff] reserved
[    0.000000] BIOS-e820: [mem 0x00000000000f0000-0x0000000000ffff rserved
[    0.000000] BIOS-e820 [mem x0000000010000x000003ffefff] sable[    0.00000 BIOS-e820: me 0x0000003ff00000x0000003fffff] ACI ata
[    0.000000] BIOS-e820 [em 0x00000000fec00000-0x00000000fec00fff] reserved
[    0.000000] BIOS-e820: [mem 0x00000000fee00000-0x00000000fee00fff] reserved
[    0.000000] BIOS-e820: [mem 0x00000000fffc0000-0x00000000ffffffff] reserved
[    0.000000] NX (Execute Disable) protection: active
[    0.000000] SMBIOS 2.5 present.
[    0.000000] Hypervisor detected: KVM
[    0.000000] e820: last_pfn = 0x3fff0 max_arch_pfn = 0x400000000
[    0.000000] MTRR: Disabled
[    0.000000] x86/PAT: MTRRs disabled, skipping PAT initialization too.
[    0.000000] CPU MTRRs all blank - virtualized system.
[    0.000000] x86/PAT: Configuration [0-7]: WB  WT  UC- UC  WB  WT  UC- UC  
[    0.000000] found SMP MP-table at [mem 0x0009fff0-0x0009ffff] mapped at [ffff88000009fff0]
[    0.000000] Scanning 1 areas for low memory corruption
[    0.000000] RAMDISK: [mem 0x36ac2000-0x37558fff]
[    0.000000] ACPI: Early table checksum verification disabled
[    0.000000] ACPI: RSDP 0x00000000000E0000 000024 (v02 VBOX  )
[    0.000000] ACPI: XSDT 0x000000003FFF0030 00003C (v01 VBOX   VBOXXSDT 00000001 ASL  00000061)
[    0.000000] ACPI: FACP 0x000000003FFF00F0 0000F4 (v04 VBOX   VBOXFACP 00000001 ASL  00000061)
[    0.000000] ACPI: DSDT 0x000000003FFF0470 0021FF (v02 VBOX   VBOXBIOS 00000002 INTL 20160831)
[    0.000000] ACPI: FACS 0x000000003FFF0200 000040
[    0.000000] ACPI: FACS 0x000000003FFF0200 000040
[    0.000000] ACPI: APIC 0x000000003FFF0240 00005C (v02 VBOX   VBOXAPIC 00000001 ASL  00000061)
[    0.000000] ACPI: SSDT 0x000000003FFF02A0 0001CC (v01 VBOX   VBOXCPUT 00000002 INTL 20160831)
[    0.000000] No NUMA configuration found
[    0.000000] Faking a node at [mem 0x0000000000000000-0x000000003ffeffff]
[    0.000000] NODE_DATA(0) allocated [mem 0x3ffeb000-0x3ffeffff]
[    0.000000] kvm-clock: Using msrs 4b564d01 and 4b564d00
[    0.000000] kvm-clock: cpu 0, msr 0:3ffe3001, primary cpu clock
[    0.000000] kvm-clock: using sched offset of 3581951336 cycles
[    0.000000] clocksource: kvm-clock: mask: 0xffffffffffffffff max_cycles: 0x1cd42e4dffb, max_idle_ns: 881590591483 ns
[    0.000000] Zone ranges:
[    0.000000]   DMA      [mem 0x0000000000001000-0x0000000000ffffff]
[    0.000000]   DMA32    [mem 0x0000000001000000-0x000000003ffeffff]
[    0.000000]   Normal   empty
[    0.000000]   Device   empty
[    0.000000] Movable zone start for each node
[    0.000000] Early memory node ranges
[    0.000000]   node   0: [mem 0x0000000000001000-0x000000000009efff]
[    0.000000]   node   0: [mem 0x0000000000100000-0x000000003ffeffff]
[    0.000000] Initmem setup node 0 [mem 0x0000000000001000-0x000000003ffeffff]
[    0.000000] ACPI: PM-Timer IO Port: 0x4008
[    0.000000] IOAPIC[0]: apic_id 2, version 32, address 0xfec00000, GSI 0-23
[    0.000000] ACPI: INT_SRC_OVR (bus 0 bus_irq 0 global_irq 2 dfl dfl)
[    0.000000] ACPI: INT_SRC_OVR (bus 0 bus_irq 9 global_irq 9 low level)
[    0.00000]Usin API(MADT) for SMP configuration information
[    0.000000] smpboot: Allowing 2 CPUs, 0 hotplug CPUs
[    0.000000] PM: Registered nosave memory: [mem 0x00000000-0x00000fff]
[    0.000000] PM: Registered nosave memory: [mem 0x0009f000-0x0009ffff]
[    0.000000] PM: Registered nosave memory: [mem 0x000a0000-0x000effff]
[    0.000000] PM: Registered nosave memory: [mem 0x000f0000-0x000fffff]
[    0.000000] e820: [mem 0x40000000-0xfebfffff] available for PCI devices
[    0.000000] Booting paravirtualized kernel on KVM
[    0.000000] clocksource: refined-jiffies: mask: 0xffffffff max_cycles: 0xffffffff, max_idle_ns: 76455196002168ns
[    0.000000] setup_percpu: NR_CPUS:512 nr_cpumask_bits:512 nr_cpu_ids:2 nr_node_ids:1
[    0.000000] PERCPU: Embedded 34 pages/cpu @ffff88003fc00000 s99544 r8192 d31528 u1048576
[    0.000000] PV qspinlock hash table entries: 256 (order: 0, 4096 bytes)
[    0.000000] Built 1 zonelists in Node order, mobility grouping on.  Total pages: 257913
[    0.000000] Policy zone: DMA32
[    0.000000] Kernel command line: BOOT_IMAGE=/boot/vmlinuz-4.4.0-116-generic root=LABEL=couim-rootfs o nsole=ty cnsole=ttyS0
[    0.000000] PID hash table entie: 4096 (ordeer: 3, 32768 bytes)
[    0.000000] Memory: 1001688K/104810Kavilable (8530K kernel code, 1309K rwdata, 3992Krodata, 1508K init, 1316K bss, 46432K reserved, 0K cma-reserved)
[    0.000000] SLUB: HWalign=64, Order=0-3, MinObjects=0, CPUs=2, Nodes=1
[    0.000000] Kernel/User page tables isolation: enabled
    0.0000] ierarchialRC implemetaio.
[    0.000000]	Build-tmeadustment of laf fou to 64.
[    0.000000] 	RCU restricting CPUs from NR_CPUS=512 to nr_cpu_ids=2.
[    0.000000] RCU: Adjusting geometry for rcu_fanout_leaf=64, nr_cpu_ids=2
[    0.000000] NR_IRQS:33024 nr_irqs:440 16
[    0.000000] Console: colour VGA+ 80x25
[    0.000000] console [tty1] enabled
[    0.000000] console [ttyS0] enabled
[    0.000000] tsc: Detected 2399.998 MHz processor
[    4.549202] Calibrating delay loop (skipped) preset value.. 4799.99 BogoMIPS (lpj=9599992)
[    4.550887] pid_max: default: 32768 minimum: 301
[    4.551825] ACPI: Core revision 20150930
[    4.553613] ACPI: 2 ACPI AML tables successfully acquired and loaded
[    4.554891] Security Framework initialized
[    4.555735] Yama: becoming mindful.
[    4.556540] AppArmor: AppArmor initialized
[    4.557412] Dentry cache hash table entries: 131072 (order: 8, 1048576 bytes)
[    4.559391] Inode-cache hash table entries: 65536 (order: 7, 524288 bytes)
[    4.645829] Mount-cache hash table entries: 2048 (order: 2, 16384 bytes)
[    4.805000] Mountpoint-cache hash table entries: 2048 (order: 2, 16384 bytes)
[    4.819571] Initializing cgroup subsys io
[    4.852899] Initializing cgroup subsys memory
[    4.853757] Initializing cgroup subsys devices
[    4.854620] Initializing cgroup subsys freezer
[    4.855501] Initializing cgroup subsys net_cls
[    4.856353] Initializing cgroup subsys perf_event
[    4.857309] Initializing cgroup subsys net_prio
[    4.858300] Initializing cgroup subsys hugetlb
[    4.859164] Initializing cgroup subsys pids
[    4.860102] CPU: Physical Processor ID: 0
[    4.860990] CPU: Processor Core ID: 0
[    4.889746] FEATURE SPEC_CTRL Not Present
[    4.892336] mce: CPU supports 0 MCE banks
[    4.893233] Last level iTLB entries: 4KB 64, 2MB 8, 4MB 8
[    4.894313] Last level dTLB entries: 4KB 64, 2MB 0, 4MB 0, 1GB 4
[    4.910479] Spectre V2 mitigation: Mitigation: Full generic retpoline
[    4.917053] Spectre V2 mitigation: Speculation control IBPB not-supported IBRS not-supported
[    4.923567] Freeing SMP alternatives memory: 32K
[    4.933218] ftrace: allocating 32186 entries in 126 pages
[    5.097177] smpboot: APIC(0) Converting physical 0 to logical package 0
[    5.252319] smpboot: Max logical packages: 1
[    5.319684] x2apic enabled
[    5.369511] Switched APIC routing to physical x2apic.
[    5.372149] ..TIMER: vector=0x30 apic1=0 pin1=2 apic2=-1 pin2=-1
[    5.512380] smpboot: CPU0: Intel(R) Core(TM) i5-6200U CPU @ 2.30GHz (family: 0x6, model: 0x4e, stepping: 0x3)
[    5.586974] Performance Events: unsupported p6 CPU model 78 no PMU driver, software events only.
[    5.593425] KVM setup paravirtual spinlock
[    5.665545] x86: Booting SMP configuration:
[    5.698249] .... node  #0, CPUs:      #1
[    5.704571] kvm-clock: cpu 1, msr 0:3ffe3041, secondary cpu clock
[    5.706424] mce: CPU supports 0 MCE banks
[    5.708867] x86: Booted up 1 node, 2 CPUs
[    5.709939] smpboot: Total of 2 processors activated (9599.99 BogoMIPS)
[    5.722635] devtmpfs: initialized
[    5.739177] evm: security.selinux
[    5.746089] evm: security.SMACK64
[    5.748962] evm: security.SMACK64EXEC
[    5.789737] evm: security.SMACK64TRANSMUTE
[    5.825190] evm: security.SMACK64MMAP
[    5.873241] evm: security.ima
[    5.900712] evm: security.capability
[    5.954005] clocksource: jiffies: mask: 0xffffffff max_cycles: 0xffffffff, max_idle_ns: 7645041785100000 ns
[    5.996499] futex hash table entries: 512 (order: 3, 32768 bytes)
[    6.026744] pinctrl core: initialized pinctrl subsystem
[    6.062626] RTC time: 18:56:36, date: 04/13/18
[    6.079048] NET: Registered protocol family 16
[    6.088907] cpuidle: using governor ladder
[    6.152398] cpuidle: using governor menu
[    6.158431] PCCT header not found.
[    6.159177] ACPI: bus type PCI registered
[    6.159902] acpiphp: ACPI Hot Plug PCI Controller Driver version: 0.5
[    6.161051] PCI: Using configuration type 1 for base access
[    6.190137] ACPI: Added _OSI(Module Device)
[    6.198628] ACPI: Added _OSI(Processor Device)
[    6.226504] ACPI: Added _OSI(3.0 _SCP Extensions)
[    6.229334] ACPI: Added _OSI(Processor Aggregator Device)
[    6.231111] ACPI: Executed 1 blocks of module-level executable AML code
[    6.244474] ACPI: Interpreter enabled
[    6.246344] ACPI: (supports S0 S5)
[    6.247117] ACPI: Using IOAPIC for interrupt routing
[    6.263137] PCI: Using host bridge windows from ACPI; if necessary, use "pci=nocrs" and report a bug
[    6.278756] ACPI: PCI Root Bridge [PCI0] (domain 0000 [bus 00-ff])
[    6.295039] acpi PNP0A03:00: _OSC: OS supports [ASPM ClockPM Segments MSI]
[    6.315028] acpi PNP0A03:00: _OSC: not requesting OS control; OS requires [ExtendedConfig ASPM ClockPM MSI]
[    6.428861] acpi PNP0A03:00: fail to add MMCONFIG information, can't access extended PCI configuration space under this bridge.
[    6.450012] PCI host bridge to bus 0000:00
[    6.490373] pci_bus 0000:00: root bus resource [io  0x0000-0x0cf7 window]
[    6.570211] pci_bus 0000:00: root bus resource [io  0x0d00-0xffff window]
[    6.638578] pci_bus 0000:00: root bus resource [mem 0x000a0000-0x000bffff window]
[    6.640136] pci_bus 0000:00: root bus resource [mem 0x40000000-0xfdffffff window]
[    6.641924] pci_bus 0000:00: root bus resource [bus 00-ff]
[    6.682669] pci 0000:00:01.1: legacy IDE quirk: reg 0x10: [io  0x01f0-0x01f7]
[    6.689501] pci 0000:00:01.1: legacy IDE quirk: reg 0x14: [io  0x03f6]
[    6.690719] pci 0000:00:01.1: legacy IDE quirk: reg 0x18: [io  0x0170-0x0177]
[    6.702782] pci 0000:00:01.1: legacy IDE quirk: reg 0x1c: [io  0x0376]
[    6.801929] pci 0000:00:07.0: quirk: [io  0x4000-0x403f] claimed by PIIX4 ACPI
[    6.809102] pci 0000:00:07.0: quirk: [io  0x4100-0x410f] claimed by PIIX4 SMB
[    6.826250] ACPI: PCI Interrupt Link [LNKA] (IRQs 5 9 10 *11)
[    6.837706] ACPI: PCI Interrupt Link [LNKB] (IRQs 5 9 *10 11)
[    6.863153] ACPI: PCI Interrupt Link [LNKC] (IRQs 5 *9 10 11)
[    6.894586] ACPI: PCI Interrupt Link [LNKD] (IRQs 5 9 10 *11)
[    6.897816] ACPI: Enabled 2 GPEs in block 00 to 07
[    6.905774] vgaarb: setting as boot device: PCI:0000:00:02.0
[    6.985388] vgaarb: device added: PCI:0000:00:02.0,decodes=io+mem,owns=io+mem,locks=none
[    6.998895] vgaarb: loaded
[    7.011817] vgaarb: bridge control possible 0000:00:02.0
[    7.013305] SCSI subsystem initialized
[    7.014340] ACPI: bus type USB registered
[    7.085395] usbcore: registered new interface driver usbfs
[    7.160813] usbcore: registered new interface driver hub
[    7.172747] usbcore: registered new device driver usb
[    7.174806] PCI: Using ACPI for IRQ routing
[    7.233637] NetLabel: Initializing
[    7.277075] NetLabel:  domain hash size = 128
[    7.298347] NetLabel:  protocols = UNLABELED CIPSOv4
[    7.318373] NetLabel:  unlabeled traffic allowed by default
[    7.329972] amd_nb: Cannot enumerate AMD northbridges
[    7.331085] clocksource: Switched to clocksource kvm-clock
[    74255 ApAmor:ppmoFisyemEnbl
  7.157]pn: P CP iit
[   .39662] pnp: PnP ACPI: found 3 devices
[    8.417960] clocksource: acpi_pm: mask: 0xffffff max_cycles: 0xffffff, max_idle_ns: 2085701024 ns
[    8.613947] NET: Registered protocol family 2
[    8.615779] TCP established hash table entries: 8192 (order: 4, 65536 bytes)
[    8.689476] TCP bind hash table entries: 8192 (order: 5, 131072 bytes)
[    8.784977] TCP: Hash tables configured (established 8192 bind 8192)
[    8.790046] UDP hash table entries: 512 (order: 2, 16384 bytes)
[    8.799888] UDP-Lite hash table entries: 512 (order: 2, 16384 bytes)
[    8.810014] NET: Registered protocol family 1
[    8.813214] pci 0000:00:00.0: Limiting direct PCI/PCI transfers
[    8.814275] pci 0000:00:01.0: Activating ISA DMA hang workarounds
[    8.879833] Unpacking initramfs...
[   10.969387] Freeing initrd memory: 10844K
[   10.989328] platform rtc_cmos: registered platform RTC device (no PNP device found)
[   10.992689] Scanning for low memory corruption every 60 seconds
[   11.002993] audit: initializing netlink subsys (disabled)
[   11.039378] audit: type=2000 audit(1523645800.070:1): initialized
[   11.089997] Initialise system trusted keyring
[   11.103781] HugeTLB registered 2 MB page size, pre-allocated 0 pages
[   11.241012] zbud: loaded
[   11.246546] VFS: Disk quotas dquot_6.6.0
[   11.249716] VFS: Dquot-cache hash table entries: 512 (order 0, 4096 bytes)
[   11.269850] squashfs: version 4.0 (2009/01/31) Phillip Lougher
[   11.339675] fuse init (API version 7.23)
[   11.349889] Key type big_key registered
[   11.350860] Allocating IMA MOK and blacklist keyrings.
[   11.430993] Key type asymmetric registered
[   11.442496] Asymmetric key parser 'x509' registered
[   11.455698] Block layer SCSI generic (bsg) driver version 0.4 loaded (major 249)
[   11.474059] io scheduler noop registered
[   11.476535] io scheduler deadline registered (default)
[   11.489914] io scheduler cfq registered
[   11.493587] pci_hotplug: PCI Hot Plug PCI Core version: 0.5
[   11.545488] pciehp: PCI Express Hot Plug Controller Driver version: 0.4
[   11.579537] ACPI: AC Adapter [AC] (on-line)
[   11.589414] input: Power Button as /devices/LNXSYSTM:00/LNXPWRBN:00/input/input0
[   11.590914] ACPI: Power Button [PWRF]
[   11.591797] input: Sleep Button as /devices/LNXSYSTM:00/LNXSLPBN:00/input/input1
[   11.620050] ACPI: Sleep Button [SLPF]
[   11.648777] GHES: HEST is not enabled!
[   11.649573] ACPI: Battery Slot [BAT0] (battery present)
[   11.655697] Serial: 8250/16550 driver, 32 ports, IRQ sharing enabled
[   11.678817] 00:02: ttyS0 at I/O 0x3f8 (irq = 4, base_baud = 115200) is a 16550A
[   11.740514] Linux agpgart interface v0.103
[   11.748488] loop: module loaded
[   11.751286] scsi host0: ata_piix
[   11.819640] scsi host1: ata_piix
[   11.820356] ata1: PATA max UDMA/33 cmd 0x1f0 ctl 0x3f6 bmdma 0xd000 irq 14
[   11.821478] ata2: PATA max UDMA/33 cmd 0x170 ctl 0x376 bmdma 0xd008 irq 15
[   11.823430] libphy: Fixed MDIO Bus: probed
[   11.879311] tun: Universal TUN/TAP device driver, 1.6
[   11.953036] tun: (C) 1999-2004 Max Krasnyansky <maxk@qualcomm.com>
[   11.956597] PPP generic driver version 2.4.2
[   11.959065] ehci_hcd: USB 2.0 'Enhanced' Host Controller (EHCI) Driver
[   11.970021] ehci-pci: EHCI PCI platform driver
[   12.059362] tsc: Refined TSC clocksource calibration: 2400.966 MHz
[   12.073055] clocksource: tsc: mask: 0xffffffffffffffff max_cycles: 0x229bc808bf8, max_idle_ns: 440795245547 ns
[   12.073873] ehci-platform: EHCI generic platform driver
[   12.073892] ohci_hcd: USB 1.1 'Open' Host Controller (OHCI) Driver
[   12.073902] ohci-pci: OHCI PCI platform driver
[   12.073917] ohci-platform: OHCI generic platform driver
[   12.073932] uhci_hcd: USB Universal Host Controller Interface driver
[   12.074034] i8042: PNP: PS/2 Controller [PNP0303:PS2K,PNP0f03:PS2M] at 0x60,0x64 irq 1,12
[   12.074741] serio: i8042 KBD port at 0x60,0x64 irq 1
[   12.074753] serio: i8042 AUX port at 0x60,0x64 irq 12
[   12.126507] mousedev: PS/2 mouse device common for all mice
[   12.129234] input: AT Translated Set 2 keyboard as /devices/platform/i8042/serio0/input/input2
[   12.129683] rtc_cmos rtc_cmos: rtc core: registered rtc_cmos as rtc0
[   12.129757] rtc_cmos rtc_cmos: alarms up to one day, 114 bytes nvram
[   12.129766] i2c /dev entries driver
[   12.129837] device-mapper: uevent: version 1.0.3
[   12.129906] device-mapper: ioctl: 4.34.0-ioctl (2015-10-28) initialised: dm-devel@redhat.com
[   12.129932] ledtrig-cpu: registered to indicate activity on CPUs
[   12.130290] NET: Registered protocol family 10
[   12.130497] NET: Registered protocol family 17
[   12.130509] Key type dns_resolver registered
[   12.130692] microcode: CPU0 sig=0x406e3, pf=0x2, revision=0x0
[   12.195743] microcode: CPU1 sig=0x406e3, pf=0x2, revision=0x0
[   12.195876] microcode: Microcode Update Driver: v2.01 <tigran@aivazian.fsnet.co.uk>, Peter Oruba
[   12.196027] registered taskstats version 1
[   12.196043] Loading compiled-in X.509 certificates
[   12.196885] Loaded X.509 cert 'Build time autogenerated kernel key: aa84f01984fbd529c105810b59e379d349698248'
[   12.196912] zswap: loaded using pool lzo/zbud
[   12.199169] Key type trusted registered
[   12.204434] Key type encrypted registered
[   12.204442] AppArmor: AppArmor sha1 policy hashing enabled
[   12.204445] ima: No TPM chip found, activating TPM-bypass!
[   12.204466] evm: HMAC attrs: 0x1
[   12.204779]   Magic number: 14:763:948
[   12.204801] tty tty5: hash matches
[   12.204812] memory memory1: hash matches
[   12.213964] rtc_cmos rtc_cmos: setting system clock to 2018-04-13 18:56:42 UTC (1523645802)
[   12.214100] BIOS EDD facility v0.16 2004-Jun-25, 0 devices found
[   12.214101] EDD information not available.
[   13.221456] Freeing unused kernel memory: 1508K
[   13.593688] Write protecting the kernel read-only data: 14336k
[   14.410694] Freeing unused kernel memory: 1700K
[   14.474831] Freeing unused kernel memory: 104K
Loading, please wait...
starting version 229
[   14.590067] random: systemd-udevd: uninitialized urandom read (16 bytes read, 7 bits of entropy available)
[   14.590690] random: udevadm: uninitialized urandom read (16 bytes read, 7 bits of entropy available)
[   14.590715] random: udevadm: uninitialized urandom read (16 bytes read, 7 bits of entropy available)
[   14.603629] random: udevadm: uninitialized urandom read (16 bytes read, 7 bits of entropy available)
[   14.603685] random: udevadm: uninitialized urandom read (16 bytes read, 7 bits of entropy available)
[   14.603878] random: udevadm: uninitialized urandom read (16 bytes read, 7 bits of entropy available)
[   14.603954] random: udevadm: uninitialized urandom read (16 bytes read, 7 bits of entropy available)
[   14.604025] random: udevadm: uninitialized urandom read (16 bytes read, 7 bits of entropy available)
[   14.604105] random: udevadm: uninitialized urandom read (16 bytes read, 7 bits of entropy available)
[   14.604204] random: udevadm: uninitialized urandom read (16 bytes read, 7 bits of entropy available)
[   14.814613] e1000: Intel(R) PRO/1000 Network Driver - version 7.3.21-k8-NAPI
[   14.893096] e1000: Copyright (c) 1999-2006 Intel Corporation.
[   14.900926] Fusion MPT base driver 3.04.20
[   14.908691] Copyright (c) 1999-2008 LSI Corporation
[   14.934573] AVX2 version of gcm_enc/dec engaged.
[   15.109152] AES CTR mode by8 optimization enabled
[   15.224504] Fusion MPT SPI Host driver 3.04.20
[   15.225246] input: ImExPS/2 Generic Explorer Mouse as /devices/platform/i8042/serio1/input/input4
[   15.568393] e1000 0000:00:03.0 eth0: (PCI:33MHz:32-bit) 02:b2:c2:84:5d:d0
[   15.581183] e1000 0000:00:03.0 eth0: Intel(R) PRO/1000 Network Connection
[   15.583175] mptbase: ioc0: Initiating bringup
[   15.811887] ioc0: LSI53C1030 A0: Capabilities={Initiator}
[   16.139321] scsi host2: ioc0: LSI53C1030 A0, FwRev=00000000h, Ports=1, MaxQ=256, IRQ=20
[   16.301725] scsi 2:0:0:0: Direct-Access     VBOX     HARDDISK         1.0  PQ: 0 ANSI: 5
[   16.368972] scsi target2:0:0: Beginning Domain Validation
[   16.422818] scsi target2:0:0: Domain Validation skipping write tests
[   16.426624] scsi target2:0:0: Ending Domain Validation
[   16.427922] scsi target2:0:0: asynchronous
[   16.442528] scsi 2:0:1:0: Direct-Access     VBOX     HARDDISK         1.0  PQ: 0 ANSI: 5
[   16.668536] e1000 0000:00:08.0 eth1: (PCI:33MHz:32-bit) 08:00:27:f0:b5:ad
[   16.668544] e1000 0000:00:08.0 eth1: Intel(R) PRO/1000 Network Connection
[   16.670901] e1000 0000:00:08.0 enp0s8: renamed from eth1
[   16.706848] scsi target2:0:1: Beginning Domain Validation
[   16.710130] scsi target2:0:1: Domain Validation skipping write tests
[   16.715402] e1000 0000:00:03.0 enp0s3: renamed from eth0
[   16.737835] scsi target2:0:1: Ending Domain Validation
[   16.738984] scsi target2:0:1: asynchronous
[   16.746393] sd 2:0:0:0: Attached scsi generic sg0 type 0
[   16.752972] sd 2:0:1:0: Attached scsi generic sg1 type 0
[   16.753206] sd 2:0:0:0: [sda] 20971520 512-byte logical blocks: (10.7 GB/10.0 GiB)
[   16.756983] sd 2:0:1:0: [sdb] 20480 512-byte logical blocks: (10.5 MB/10.0 MiB)
[   16.819640] sd 2:0:0:0: [sda] Write Protect is off
[   16.820720] sd 2:0:0:0: [sda] Incomplete mode parameter data
[   16.821780] sd 2:0:0:0: [sda] Assuming drive cache: write through
[   16.821857] sd 2:0:1:0: [sdb] Write Protect is off
[   16.856943] sd 2:0:1:0: [sdb] Incomplete mode parameter data
[   16.858583]  sda: sda1
[   16.859070] sd 2:0:0:0: [sda] Attached SCSI disk
[   16.861358] sd 2:0:1:0: [sdb] Assuming drive cache: write through
[   16.893453] sd 2:0:1:0: [sdb] Attached SCSI disk
[   17.900127] floppy0: no floppy controllers found
Begin: Loading e[   19.464215] md: linear personality registered for level -1
ssential drivers ... [   19.538651] md: multipath personality registered for level -4
[   19.548053] md: raid0 personality registered for level 0
[   19.572943] md: raid1 personality registered for level 1
[   19.658808] raid6: sse2x1   gen()  9881 MB/s
[   19.728722] raid6: sse2x1   xor()  5703 MB/s
[   19.798718] raid6: sse2x2   gen() 11643 MB/s
[   19.888677] raid6: sse2x2   xor()  7820 MB/s
[   20.038723] raid6: sse2x4   gen() 13116 MB/s
[   20.115402] raid6: sse2x4   xor()  8590 MB/s
[   20.215802] raid6: avx2x1   gen() 17524 MB/s
[   20.308712] raid6: avx2x2   gen() 20422 MB/s
[   20.398688] raid6: avx2x4   gen() 23321 MB/s
[   20.414990] raid6: using algorithm avx2x4 gen() 23321 MB/s
[   20.419711] raid6: using avx2x2 recovery algorithm
[   20.422095] xor: automatically using best checksumming function:
[   20.495116]    avx       : 14931.000 MB/sec
[   20.506755] async_tx: api initialized (async)
[   20.528087] md: raid6 personality registered for level 6
[   20.539538] md: raid5 personality registered for level 5
[   20.547517] md: raid4 personality registered for level 4
[   20.556400] md: raid10 personality registered for level 10
done.
Begin: Running /scripts/init-premount ... done.
Begin: Mounting root file system ... Begin: Running /scripts/local-top ... done.
Begin: Running /scripts/local-premount ... [   20.616017] Btrfs loaded
Scanning for Btrfs filesystems
done.
Warning: fsck no[   20.661407] EXT4-fs (sda1): mounted filesystem with ordered data mode. Opts: (null)
t present, so skipping root file system
done.
Begin: Running /scripts/local-bottom ... done.
Begin: Running /scripts/init-bottom ... done.
[   20.817941] systemd[1]: systemd 229 running in system mode. (+PAM +AUDIT +SELINUX +IMA +APPARMOR +SMACK +SYSVINIT +UTMP +LIBCRYPTSETUP +GCRYPT +GNUTLS +ACL +XZ -LZ4 +SECCOMP +BLKID +ELFUTILS +KMOD -IDN)
[   20.872328] systemd[1]: Detected virtualization oracle.
[   20.878850] systemd[1]: Detected architecture x86-64.

Welcome to [1mUbuntu 16.04.4 LTS[0m!

[  29036syem[1: et hostname to <ubuntu>.
[   21.312373] systemd[1]: Initializing machine ID from random generator.
[   21.335647] systemd[1]: Installed transient /etc/machine-id file.
[   21.584256] systemd[1]: Listening on Journal Socket.
[[0;32m  OK  [0m] Listening on Journal Socket.
[   21.741756] systemd[1]: Reached target User and Group Name Lookups.
[[0;32m  OK  [0m] Reached target User and Group Name Lookups.
[   21.755747] systemd[1]: Created slice System Slice.
[[0;32m  OK  [0m] Created slice System Slice.
[   21.767349] systemd[1]: Starting Remount Root and Kernel File Systems...
[   21.771747] EXT4-fs (sda1): re-mounted. Opts: (null)
         Startin[   21.833473] random: nonblocking pool is initialized
g Remount Root and Kernel File Systems...
[   21.854278] systemd[1]: Mounting Debug File System...
         Mounting Debug File System...
[   21.880118] systemd[1]: Listening on Syslog Socket.
[[0;32m  OK  [0m] Listening on Syslog Socket.
[   21.960464] systemd[1]: Listening on /dev/initctl Compatibility Named Pipe.
[[0;32m  OK  [0m] Listening on /dev/initctl Compatibility Named Pipe.
[   21.999837] systemd[1]: Starting Load Kernel Modules...
         Startin[   22.018836] Loading iSCSI transport class v2.0-870.
g Load Kernel Modules...
[   22.024328] systemd[1]: Listening on udev Kernel Socket.
[[0;32m  OK  [0m] Listening on udev Kernel Socket.
[   22.032374] systemd[1]: Created slice User and Session Slice.
[   22.043810] iscsi: registered transport (tcp)
[[0;32m  OK  [0m] Created slice User and Sessi[   22.068244] iscsi: registered transport (iser)
on Slice.
[   22.098740] systemd[1]: Reached target Slices.
[[0;32m  OK  [0m] Reached target Slices.
[   22.107614] systemd[1]: Set up automount Arbitrary Executable File Formats File System Automount Point.
[[0;32m  OK  [0m] Set up automount Arbitrary Executab...ats File System Automount Point.
[   22.303646] systemd[1]: Started Forward Password Requests to Wall Directory Watch.
[[0;32m  OK  [0m] Started Forward Password Requests to Wall Directory Watch.
[   22.322756] systemd[1]: Listening on LVM2 metadata daemon socket.
[[0;32m  OK  [0m] Listening on LVM2 metadata daemon socket.
[   22.331642] systemd[1]: Listening on LVM2 poll daemon socket.
[[0;32m  OK  [0m] Listening on LVM2 poll daemon socket.
[   22.588823] systemd[1]: Listening on Journal Socket (/dev/log).
[[0;32m  OK  [0m] Listening on Journal Socket (/dev/log).
[   22.643371] systemd[1]: Starting Uncomplicated firewall...
         Starting Uncomplicated firewall...
[   22.679678] systemd[1]: Listening on udev Control Socket.
[[0;32m  OK  [0m] Listening on udev Control Socket.
[   22.691522] systemd[1]: Listening on Journal Audit Socket.
[[0;32m  OK  [0m] Listening on Journal Audit Socket.
[   22.724678] systemd[1]: Created slice system-serial\x2dgetty.slice.
[[0;32m  OK  [0m] Created slice system-serial\x2dgetty.slice.
[   22.855385] systemd[1]: Starting Nameserver information manager...
         Starting Nameserver information manager...
[   22.878908] systemd[1]: Starting Set console keymap...
         Starting Set console keymap...
[   22.915841] systemd[1]: Starting Create list of required static device nodes for the current kernel...
         Starting Create list of required st... nodes for the current kernel...
[   22.941512] systemd[1]: Reached target Swap.
[[0;32m  OK  [0m] Reached target Swap.
[   22.943554] systemd[1]: Started Trigger resolvconf update for networkd DNS.
[[0;32m  OK  [0m] Started Trigger resolvconf update for networkd DNS.
[   23.031647] systemd[1]: Listening on Device-mapper event daemon FIFOs.
[[0;32m  OK  [0m] Listening on Device-mapper event daemon FIFOs.
[   23.147538] systemd[1]: Starting Monitoring of LVM2 mirrors, snapshots etc. using dmeventd or progress polling...
         Starting Monitoring of LVM2 mirrors... dmeventd or progress polling...
[   23.244391] systemd[1]: Starting Journal Service...
         Starting Journal Service...
[   23.270449] systemd[1]: Reached target Encrypted Volumes.
[[0;32m  OK  [0m] Reached target Encrypted Volumes.
[   23.303291] systemd[1]: Mounting Huge Pages File System...
         Mounting Huge Pages File System...
[   23.336523] systemd[1]: Mounting POSIX Message Queue File System...
         Mounting POSIX Message Queue File System...
[   23.460146] systemd[1]: Mounted Debug File System.
[[0;32m  OK  [0m] Mounted Debug File System.
[   23.505850] systemd[1]: Mounted POSIX Message Queue File System.
[[0;32m  OK  [0m] Mounted POSIX Message Queue File System.
[   23.511908] systemd[1]: Mounted Huge Pages File System.
[[0;32m  OK  [0m] Mounted Huge Pages File System.
[   23.544103] systemd[1]: Started Journal Service.
[[0;32m  OK  [0m] Started Journal Service.
[[0;32m  OK  [0m] Started Remount Root and Kernel File Systems.
[[0;32m  OK  [0m] Started Load Kernel Modules.
[[0;32m  OK  [0m] Started Uncomplicated firewall.
[[0;32m  OK  [0m] Started Set console keymap.
[[0;32m  OK  [0m] Started Create list of required sta...ce nodes for the current kernel.
[[0;32m  OK  [0m] Started Nameserver information manager.
[[0;32m  OK  [0m] Started LVM2 metadata daemon.
         Starting Create Static Device Nodes in /dev...
         Mounting FUSE Control File System...
         Starting Apply Kernel Variables...
         Starting Load/Save Random Seed...
         Starting udev Coldplug all Devices...
         Starting Initial cloud-init job (pre-networking)...
         Starting Flush Journal to Persistent Storage...
[[0;32m  OK  [0m] Mounted FUSE Control File System.
[[0;32m  OK  [0m] Started Create Static Device Nodes in /dev.
[[0;32m  OK  [0m] Started Apply Kernel Variables.
[[0;32m  OK  [0m] Started Load/Save Random Seed.
[[0;32m  OK  [0m] Started udev Coldplug all Devices.
[[0;32m  OK  [0m] Started Flush Journal to Persistent Storage.
[[0;32m  OK  [0m] Started Monitoring of LVM2 mirrors,...ng dmeventd or progress polling.
         Starting udev Kernel Device Manager...
[[0;32m  OK  [0m] Started udev Kernel Device Manager.
[[0;32m  OK  [0m] Reached target Local File Systems (Pre).
[[0;32m  OK  [0m] Reached target Local File Systems.
         Starting Commit a transient machine-id on disk...
         Starting Set console font and keymap...
         Starting Create Volatile Files and Directories...
         Starting Tell Plymouth To Write Out Runtime Data...
         Starting LSB: AppArmor initialization...
[[0;32m  OK  [0m] Started Dispatch Password Requests to Console Directory Watch.
[[0;32m  OK  [0m] Started Commit a transient machine-id on disk.
[[0;32m  OK  [0m] Started Create Volatile Files and Directories.
[[0;32m  OK  [0m] Started Tell Plymouth To Write Out Runtime Data.
[[0;32m  OK  [0m] Found device /dev/ttyS0.
         Starting Update UTMP about System Boot/Shutdown...
[[0;32m  OK  [0m] Reached target System Time Synchronized.
[[0;32m  OK  [0m] Started Update UTMP about System Boot/Shutdown.
[[0;32m  OK  [0m] Listening on Load/Save RF Kill Switch Status /dev/rfkill Watch.
[   19.024544] cloud-init[459]: Cloud-init v. 17.2 running 'init-local' at Fri, 13 Apr 2018 18:56:55 +0000. Up 18.35 seconds.
[[0;32m  OK  [0m] Started Initial cloud-init job (pre-networking).
[[0;32m  OK  [0m] Started LSB: AppArmor initialization.
[[0;32m  OK  [0m] Reached target Network (Pre).
         Starting Raise network interfaces...
[[0;32m  OK  [0m] Started Set console font and keymap.
[[0;32m  OK  [0m] Created slice system-getty.slice.
[[0;32m  OK  [0m] Started Raise network interfaces.
         Starting Initial cloud-init job (metadata service crawler)...
[[0;32m  OK  [0m] Reached target Network.
[   22.246185] cloud-init[958]: Cloud-init v. 17.2 running 'init' at Fri, 13 Apr 2018 18:56:58 +0000. Up 21.54 seconds.
[   22.330019] [cloud-init[0;32m  OK  [0m[958]: ] ci-info: ++++++++++++++++++++++++++++++++++++++Net device info++++++++++++++++++++++++++++++++++++++Started Initial cloud-init job (metadata service crawler).

[   22.330370] cloud-init[958]: ci-info: +--------+-------+----------------------------+---------------+-------+-------------------+
[   22.402388] [cloud-init[0;32m  OK  [0m[958]: ] ci-info: | Device |   Up  |          Address           |      Mask     | Scope |     Hw-Address    |Reached target Cloud-config availability.

[   22.539237] [[0;32m  OK  [0m] Reached target System Initialization.
cloud-init[958]: ci-info: +--------+-------+----------------------------+---------------+-------+-------------------+
[[0;32m  OK  [0m] Listening on ACPID Listen Socket.
         Starting Socket activation for snappy daemon.
[[0;32m  OK  [0m] Listening on UUID daemon activation socket.
[   22.587790] cloud-init[958]: ci-info: | enp0s3 |  True |         10.0.2.15          | 255.255.255.0 |   .   | 02:b2:c2:84:5d:d0 |
[   22.643136] [cloud-init[0;32m  OK  [0m[958]: ] ci-info: | enp0s3 |  True | fe80::b2:c2ff:fe84:5dd0/64 |       .       |  link | 02:b2:c2:84:5d:d0 |Started ACPI Events Check.

[[0;32m  OK  [0m] Reached target Paths.
[   22.643706] cloud-init[958]: ci-info: | enp0s8 | False |             .              |       .       |   .   | 08:00:27:f0:b5:ad |
[   22.722278]          cloud-initStarting LXD - unix socket.[958]: 
ci-info: |   lo   |  True |         127.0.0.1          |   255.0.0.0   |   .   |         .         |
[   22.742165] [cloud-init[0;32m  OK  [0m[958]: ] ci-info: |   lo   |  True |          ::1/128           |       .       |  host |         .         |Listening on D-Bus System Message Bus Socket.

[   22.742707] [[0;32m  OK  [0m] Started Daily apt download activities.
[[0;32m  OK  [0m] Started Daily apt upgrade and clean activities.
[[0;32m  OK  [0m] Started Daily Cleanup of Temporary Directories.
[[0;32m  OK  [0m] Started Timer to automatically refresh installed snaps.
cloud-init[958]: ci-info: +--------+-------+----------------------------+---------------+-------+-------------------+
[[0;32m  OK  [0m] Reached target Timers.
[   22.755969] cloud-init[958]: ci-info: +++++++++++++++++++++++++++Route IPv4 info++++++++++++++++++++++++++++
[   22.768354] [cloud-init[0;32m  OK  [0m[958]: ] ci-info: +-------+-------------+----------+---------------+-----------+-------+Reached target Network is Online.

[   22.768866] cloud-init[958]: ci-info: | Route | Destination | Gateway  |    Genmask    | Interface | Flags |
[   22.780920] cloud-init[958]: ci-info: +-------+-------------+----------+---------------+-----------+-------+
[   22.828516]          cloud-initStarting iSCSI initiator daemon (iscsid)...[958]: 
ci-info: |   0   |   0.0.0.0   | 10.0.2.2 |    0.0.0.0    |   enp0s3  |   UG  |
[   22.882018] [cloud-init[0;32m  OK  [0m[958]: ] ci-info: |   1   |   10.0.2.0  | 0.0.0.0  | 255.255.255.0 |   enp0s3  |   U   |Listening on Socket activation for snappy daemon.

[[0;32m  OK  [0m] Listening on LXD - unix socket.
[   22.916273] cloud-init[958]: ci-info: +-------+-------------+----------+---------------+-----------+-------+
[   22.925119] cloud-init[958]: Generating public/private rsa key pair.
[   22.940761] cloud-init[958]: Your identification has been saved in /etc/ssh/ssh_host_rsa_key.
[   22.945336] cloud-init[958]: Your public key has been saved in /etc/ssh/ssh_host_rsa_key.pub.
[   22.945429] cloud-init[958]: The key fingerprint is:
[   22.945512] cloud-init[958]: SHA256:4XuqEmBLAsFANzIXARAM//2+XHFx+7Y8fD+cpuoWyuY root@ubuntu-xenial
[   22.945594] cloud-init[958]: The key's randomart image is:
[   22.945687] cloud-init[958]: +---[RSA 2048]----+
[[0;32m  OK  [0m] Started iSCSI initiator daemon (iscsid).
[   22.945777] cloud-init[958]: |&B.*o            |
[   23.093252] cloud-init[958]: |.+= .            |
[   23.106709] cloud-init[958]: |. .     .   . .  |
         Starting Login to default iSCSI targets...
[   23.122956] [cloud-init[0;32m  OK  [0m[958]: ] |. +. . . .   o . |Reached target Sockets.

[   23.166547] cloud-init[958]: [| + o. . S . . .  |[0;32m  OK  [0m
] Reached target Basic System.
[   23.168572] cloud-init[958]: |  . .  . . +   . |
[[0;32m  OK  [0m] Started Deferred execution scheduler.
[   23.292318] cloud-init[958]: |     .  + + . o +|
[   23.325122] cloud-init[958]: |    .  o B .  .Oo|
[   23.337375] [cloud-init[0;32m  OK  [0m[958]: ] |     ...BEoo..oo*|Started Regular background program processing daemon.

[   23.338800] cloud-init[958]: +----[SHA256]-----+
[   23.400916] cloud-init[958]: Generating public/private dsa key pair.
         Starting Apply the settings specified in cloud-config...
[   23.458583] cloud-init[958]: Your identification has been saved in /etc/ssh/ssh_host_dsa_key.
[   23.508144] cloud-init[958]: Your public key has been saved in /etc/ssh/ssh_host_dsa_key.pub.
[   23.564823] cloud-init[958]: The key fingerprint is:
[   23.565154] cloud-init[958]: SHA256:yegSwo//D9WaQm966ru4wM582EmEfiOjSk8tJFM2c7s root@ubuntu-xenial
[[0;32m  OK  [0m] Started D-Bus System Message Bus.
[   23.565275] cloud-init[958]: The key's randomart image is:
         Starting Login Service...
[   23.662348] cloud-init[958]: +---[DSA 1024]----+
[   23.692040] cloud-init[958]: |                 |
[   23.694213] cloud-init[958]: |                 |
[   23.695171] cloud-init[958]: |   * .           |
[   23.724343] cloud-init[958]: | .+ = .o o       |
[   23.724480] cloud-init[958]: | +oo..o S .      |
[   23.724689] cloud-init[958]: | .B+=+.o o       |
[   23.724781] cloud-init[958]: | o+XoE+ =        |
[   23.724873] cloud-init[958]: |o++o=o =.        |
[   23.724964] cloud-init[958]: |o +o++B*.        |
[   23.725052] cloud-init[958]: +----[SHA256]-----+
[   23.725142] cloud-init[958]: Generating public/private ecdsa key pair.
[   23.725233] cloud-init[958]: Your identification has been saved in /etc/ssh/ssh_host_ecdsa_key.
[   23.725326] cloud-init[958]: Your public key has been saved in /etc/ssh/ssh_host_ecdsa_key.pub.
[   23.725423] cloud-init[958]: The key fingerprint is:
[   23.725540] cloud-init[958]: SHA256:a0dtkIFGbzJg/QsiAqDr91tmZYDjJ3Aid7rz7U5e9S4 root@ubuntu-xenial
[   23.725647] cloud-init[958]: The key's randomart image is:
[   23.725735] cloud-init[958]: +---[ECDSA 256]---+
[   23.725842] cloud-init[958]: |o     oo...      |
[   23.725958] cloud-init[958]: |o    ...+. o     |
[   23.726070] cloud-init[958]: |.o + = oo.=      |
[   23.726187] cloud-init[958]: | .+ O o o+.o     |
[   23.726291] cloud-init[958]: |.  o + oS+.oo    |
[   23.726385] cloud-init[958]: |.   . o ooo..    |
[   23.726488] cloud-init[958]: | . +   =o..  .   |
[   23.726580] cloud-init[958]: |  . + B... E.    |
[   23.726671] cloud-init[958]: |     ++=    ..   |
[   23.726748] cloud-init[958]: +----[SHA256]-----+
[   23.726823] cloud-init[958]: Generating public/private ed25519 key pair.
[   23.726924] cloud-init[958]: Your identification has been saved in /etc/ssh/ssh_host_ed25519_key.
[   23.727052] cloud-init[958]: Your public key has been saved in /etc/ssh/ssh_host_ed25519_key.pub.
[   23.727150] cloud-init[958]: The key fingerprint is:
[   23.727228] cloud-init[958]: SHA256:CEqQ2a3YVM3DqPL9MqcSN2JeVpdc0uu/bGk0t3s05fM root@ubuntu-xenial
[   23.727314] cloud-init[958]: The key's randomart image is:
[   23.727397] cloud-init[958]: +--[ED25519 256]--+
[   23.727478] cloud-init[958]: |.+ o.=   .       |
[   23.727551] cloud-init[958]: |o.o o = . o      |
[   23.727657] cloud-init[958]: | +.o.  o + .     |
[   23.727734] cloud-init[958]: |o.+. ...+ .     .|
[   23.727815] cloud-init[958]: | o.. ...S.     ..|
[   23.727942] cloud-init[958]: |  = *     . o .oo|
[   23.728040] cloud-init[958]: | o * o     o + o+|
[   23.728132] cloud-init[958]: |  o o o    .= . E|
[   23.728217] cloud-init[958]: |   ..=     oo..o |
[   23.728301] cloud-init[958]: +----[SHA256]-----+
         Starting Accounts Service...
         Starting LXD - container startup/shutdown...
[   24.013622] cloud-init[1067]: Generating locales (this might take a while)...
[[0;32m  OK  [0m] Started ACPI event daemon.
         Starting Pollinate to seed the pseudo random number generator...
         Starting LSB: MD monitoring daemon...
[[0;32m  OK  [0m] Started FUSE filesystem for LXC.
         Starting LSB: Record successful boot for GRUB...
         Starting Snappy daemon...
[[0;32m  OK  [0m] Started Unattended Upgrades Shutdown.
         Starting /etc/rc.local Compatibility...
         Starting System Logging Service...
[[0;32m  OK  [0m] Started LXD - container startup/shutdown.
[[0;32m  OK  [0m] Started /etc/rc.local Compatibility.
[[0;32m  OK  [0m] Started System Logging Service.
[[0;32m  OK  [0m] Started Snappy daemon.
[[0;32m  OK  [0m] Started Login to default iSCSI targets.
[[0;32m  OK  [0m] Started LSB: MD monitoring daemon.
[[0;32m  OK  [0m] Started LSB: Record successful boot for GRUB.
[[0;32m  OK  [0m] Started Login Service.
         Starting Authenticate and Authorize Users to Run Privileged Tasks...
[[0;32m  OK  [0m] Reached target Remote File Systems (Pre).
[[0;32m  OK  [0m] Reached target Remote File Systems.
         Starting LSB: Set the CPU Frequency Scaling governor to "ondemand"...
         Starting Permit User Sessions...
         Starting LSB: VirtualBox Linux Additions...
         Starting LSB: automatic crash report generation...
         Starting LSB: daemon to balance interrupts for SMP systems...
[[0;32m  OK  [0m] Started Permit User Sessions.
[[0;32m  OK  [0m] Started Authenticate and Authorize Users to Run Privileged Tasks.
[[0;32m  OK  [0m] Started Accounts Service.
[[0;32m  OK  [0m] Started LSB: Set the CPU Frequency Scaling governor to "ondemand".
[   25.226699] cloud-init[1067]:   en_US.UTF-8... done
         Starting Hold until boot process finishes up...
         [   25.253292] Starting Terminate Plymouth Boot Screen...cloud-init
[1067]: Generation complete.
[[0;32m  OK  [0m] Started LSB: automatic crash report generation.
[[0;32m  OK  [0m] Started LSB: VirtualBox Linux Additions.
[[0;32m  OK  [0m] Started Hold until boot process finishes up.
[[0;32m  OK  [0m] Started Terminate Plymouth Boot Screen.
         Starting Set console scheme...
[[0;32m  OK  [0m] Started Serial Getty on ttyS0.
[[0;32m  OK  [0m] Started Getty on tty1.
[[0;32m  OK  [0m] Reached target Login Prompts.
[[0;32m  OK  [0m] Started LSB: daemon to balance interrupts for SMP systems.
[   25.665899] cloud-init[1067]: Cloud-init v. 17.2 running 'modules:config' at Fri, 13 Apr 2018 18:57:01 +0000. Up 23.84 seconds.
[[0;32m  OK  [0m] Started Set console scheme.
[[0;32m  OK  [0m] Started Apply the settings specified in cloud-config.
[[0;32m  OK  [0m] Started Pollinate to seed the pseudo random number generator.
         Starting OpenBSD Secure Shell server...
[[0;32m  OK  [0m] Started OpenBSD Secure Shell server.
[[0;32m  OK  [0m] Reached target Multi-User System.
         Starting Execute cloud user/final scripts...
[[0;32m  OK  [0m] Reached target Graphical Interface.
         Starting Update UTMP about System Runlevel Changes...
[[0;32m  OK  [0m] Started Update UTMP about System Runlevel Changes.
[[0;32m  OK  [0m] Created slice User Slice of vagrant.
         Starting User Manager for UID 1000...
[[0;32m  OK  [0m] Started Session 1 of user vagrant.
[[0;32m  OK  [0m] Started User Manager for UID 1000.
ci-info: no authorized ssh keys fingerprints found for user ubuntu.
<14>Apr 13 18:57:05 ec2: 
<14>Apr 13 18:57:05 ec2: #############################################################
<14>Apr 13 18:57:05 ec2: -----BEGIN SSH HOST KEY FINGERPRINTS-----
<14>Apr 13 18:57:05 ec2: 1024 SHA256:yegSwo//D9WaQm966ru4wM582EmEfiOjSk8tJFM2c7s root@ubuntu-xenial (DSA)
<14>Apr 13 18:57:05 ec2: 256 SHA256:a0dtkIFGbzJg/QsiAqDr91tmZYDjJ3Aid7rz7U5e9S4 root@ubuntu-xenial (ECDSA)
<14>Apr 13 18:57:05 ec2: 256 SHA256:CEqQ2a3YVM3DqPL9MqcSN2JeVpdc0uu/bGk0t3s05fM root@ubuntu-xenial (ED25519)
<14>Apr 13 18:57:05 ec2: 2048 SHA256:4XuqEmBLAsFANzIXARAM//2+XHFx+7Y8fD+cpuoWyuY root@ubuntu-xenial (RSA)
<14>Apr 13 18:57:05 ec2: -----END SSH HOST KEY FINGERPRINTS-----
<14>Apr 13 18:57:05 ec2: #############################################################
-----BEGIN SSH HOST KEY KEYS-----
ecdsa-sha2-nistp256 AAAAE2VjZHNhLXNoYTItbmlzdHAyNTYAAAAIbmlzdHAyNTYAAABBBNQOI0bdFV67OmdcVdWhjJORKcMYSMcdYYvZp06Dj/lP4xRKJZJbx4L2decqWGqHRSWkTgo1FWpRq9Xi+iIo38M= root@ubuntu-xenial
ssh-ed25519 AAAAC3NzaC1lZDI1NTE5AAAAIMTls4ExsUb5CaWXhWtXBpc5GHEhM8p9dr3YgiHBPpzV root@ubuntu-xenial
ssh-rsa AAAAB3NzaC1yc2EAAAADAQABAAABAQChHKdXk0jnpeChy6tlJL1GgsKgeHOHsOEdxdsr8VtRab/wnMjtLzxO+tQJlrDM38XE3pQwRYgbhIMDH+riI6qo8R0KvhWvgms43nYPTCdL7bqbRcUmETTppWknngv1xSRR8otSqRzazW0GHyQdrlQwT5zS3tmsyG+GWuQpUA8Z179TYaWcmJDXVCWSbMDZezVFv0CIwVQZOkoEU7j8LaCx2UFyU4rfIS6yK1hwBbwU8GejQRioLLWbGMIiAttDBEdXNkxssefLWct98xPw+Sh2JYMSifSQ4h31EXiCz1OxbHAvu3vA5BcBlfjbKLjWKwn/nyQ+URCnTQJi5Nuwy9a3 root@ubuntu-xenial
-----END SSH HOST KEY KEYS-----
[   28.699607] cloud-init[1316]: Cloud-init v. 17.2 running 'modules:final' at Fri, 13 Apr 2018 18:57:05 +0000. Up 28.31 seconds.
[   28.792717] cloud-init[1316]: ci-info: no authorized ssh keys fingerprints found for user ubuntu.
[[0;32m  OK  [0m] Started Execute cloud user/final scripts.
[   28.798038] cloud-init[1316]: Cloud-init v. 17.2 finished at Fri, 13 Apr 2018 18:57:05 +0000. Datasource DataSourceNoCloud [seed=/dev/sdb][dsmode=net].  Up 28.69 seconds[[0;32m  OK  [0m] Reached target Cloud-init target.


Ubuntu 16.04.4 LTS ubuntu-xenial ttyS0

ubuntu-xenial login: 